c:\users\sanj2\documents\imat1908-oop\frogger\frogger\frogger\debug\vc142.pdb
c:\users\sanj2\documents\imat1908-oop\frogger\frogger\frogger\debug\vc142.idb
c:\users\sanj2\documents\imat1908-oop\frogger\frogger\frogger\debug\obstacle.obj
c:\users\sanj2\documents\imat1908-oop\frogger\frogger\frogger\debug\main.obj
c:\users\sanj2\documents\imat1908-oop\frogger\frogger\frogger\debug\frog.obj
c:\users\sanj2\documents\imat1908-oop\frogger\frogger\frogger\debug\base.obj
c:\users\sanj2\downloads\p2432347_frogger\p2432347_frogger\p2432347_frogger\debug\vc142.pdb
c:\users\sanj2\downloads\p2432347_frogger\p2432347_frogger\p2432347_frogger\debug\vc142.idb
c:\users\sanj2\downloads\p2432347_frogger\p2432347_frogger\p2432347_frogger\debug\objects.obj
c:\users\sanj2\downloads\p2432347_frogger\p2432347_frogger\p2432347_frogger\debug\movingobject.obj
c:\users\sanj2\downloads\p2432347_frogger\p2432347_frogger\p2432347_frogger\debug\main.obj
c:\users\sanj2\downloads\p2432347_frogger\p2432347_frogger\p2432347_frogger\debug\game.obj
c:\users\sanj2\downloads\p2432347_frogger\p2432347_frogger\p2432347_frogger\debug\frog.obj
c:\users\sanj2\downloads\p2432347_frogger\p2432347_frogger\p2432347_frogger\debug\audio.obj
c:\users\sanj2\documents\imat1908-oop\frogger\frogger\debug\frogger.exe
c:\users\sanj2\documents\imat1908-oop\frogger\frogger\debug\frogger.ilk
c:\users\sanj2\documents\imat1908-oop\frogger\frogger\debug\frogger.pdb
c:\users\sanj2\downloads\p2432347_frogger\p2432347_frogger\debug\p2432347_frogger.exe
c:\users\sanj2\downloads\p2432347_frogger\p2432347_frogger\debug\p2432347_frogger.ilk
c:\users\sanj2\downloads\p2432347_frogger\p2432347_frogger\debug\p2432347_frogger.pdb
h:\downloads\p2432347_frogger\p2432347_frogger\p2432347_frogger\debug\audio.obj
h:\downloads\p2432347_frogger\p2432347_frogger\p2432347_frogger\debug\base.obj
h:\downloads\p2432347_frogger\p2432347_frogger\p2432347_frogger\debug\frog.obj
h:\downloads\p2432347_frogger\p2432347_frogger\p2432347_frogger\debug\game.obj
h:\downloads\p2432347_frogger\p2432347_frogger\p2432347_frogger\debug\main.obj
h:\downloads\p2432347_frogger\p2432347_frogger\p2432347_frogger\debug\movingobject.obj
h:\downloads\p2432347_frogger\p2432347_frogger\p2432347_frogger\debug\objects.obj
h:\downloads\p2432347_frogger\p2432347_frogger\p2432347_frogger\debug\obstacle.obj
h:\downloads\p2432347_frogger\p2432347_frogger\p2432347_frogger\debug\test.obj
h:\downloads\p2432347_frogger\p2432347_frogger\p2432347_frogger\debug\vehicle.obj
h:\downloads\p2432347_frogger\p2432347_frogger\p2432347_frogger\debug\main.obj.enc
h:\downloads\p2432347_frogger\p2432347_frogger\p2432347_frogger\debug\vehicle.obj.enc
h:\downloads\p2432347_frogger\p2432347_frogger\p2432347_frogger\debug\vc141.idb
h:\downloads\p2432347_frogger\p2432347_frogger\p2432347_frogger\debug\vc142.idb
h:\downloads\p2432347_frogger\p2432347_frogger\p2432347_frogger\debug\vc141.pdb
h:\downloads\p2432347_frogger\p2432347_frogger\p2432347_frogger\debug\vc142.pdb
h:\downloads\p2432347_frogger\p2432347_frogger\debug\p2432347_frogger.pdb
h:\downloads\p2432347_frogger\p2432347_frogger\debug\p2432347_frogger.exe
h:\downloads\p2432347_frogger\p2432347_frogger\debug\p2432347_frogger.ilk
h:\downloads\p2432347_frogger\p2432347_frogger\p2432347_frogger\debug\p2432347_frogger.tlog\cl.command.1.tlog
h:\downloads\p2432347_frogger\p2432347_frogger\p2432347_frogger\debug\p2432347_frogger.tlog\cl.read.1.tlog
h:\downloads\p2432347_frogger\p2432347_frogger\p2432347_frogger\debug\p2432347_frogger.tlog\cl.write.1.tlog
h:\downloads\p2432347_frogger\p2432347_frogger\p2432347_frogger\debug\p2432347_frogger.tlog\link.command.1.tlog
h:\downloads\p2432347_frogger\p2432347_frogger\p2432347_frogger\debug\p2432347_frogger.tlog\link.read.1.tlog
h:\downloads\p2432347_frogger\p2432347_frogger\p2432347_frogger\debug\p2432347_frogger.tlog\link.write.1.tlog
